#-----------------------------------------------------------
# Vivado v2017.4 (64-bit)
# SW Build 2086221 on Fri Dec 15 20:55:39 MST 2017
# IP Build 2085800 on Fri Dec 15 22:25:07 MST 2017
# Start of session at: Tue Aug 11 21:08:00 2020
# Process ID: 21576
# Current directory: D:/work/OPENSSD/NandFlashController/prj/zynq_prj
# Command line: vivado.exe -gui_launcher_event rodinguilauncherevent17500 D:\work\OPENSSD\NandFlashController\prj\zynq_prj\zynq_lwip.xpr
# Log file: D:/work/OPENSSD/NandFlashController/prj/zynq_prj/vivado.log
# Journal file: D:/work/OPENSSD/NandFlashController/prj/zynq_prj\vivado.jou
#-----------------------------------------------------------
start_gui
open_project D:/work/OPENSSD/NandFlashController/prj/zynq_prj/zynq_lwip.xpr
INFO: [Project 1-313] Project file moved from 'D:/work/zynq/zynq_lwip' since last save.
WARNING: [Project 1-312] File not found as 'D:/work/OPENSSD/NandFlashController/prj/zynq_prj/zynq_lwip.srcs/sources_1/bd/design_1/design_1.bd'; using path 'D:/work/zynq/zynq_lwip/zynq_lwip.srcs/sources_1/bd/design_1/design_1.bd' instead.
WARNING: [Project 1-312] File not found as 'D:/work/OPENSSD/NandFlashController/prj/zynq_prj/zynq_lwip.srcs/sources_1/bd/design_1/hdl/design_1_wrapper.v'; using path 'D:/work/zynq/zynq_lwip/zynq_lwip.srcs/sources_1/bd/design_1/hdl/design_1_wrapper.v' instead.
WARNING: [Project 1-312] File not found as 'D:/work/OPENSSD/NandFlashController/prj/zynq_prj/zynq_lwip.srcs/sources_1/bd/design_2/hdl/design_2_wrapper.v'; using path 'D:/work/zynq/zynq_lwip/zynq_lwip.srcs/sources_1/bd/design_2/hdl/design_2_wrapper.v' instead.
WARNING: [Project 1-312] File not found as 'D:/work/OPENSSD/NandFlashController/prj/zynq_prj/zynq_lwip.srcs/sources_1/bd/design_3/hdl/design_3_wrapper.v'; using path 'D:/work/zynq/zynq_lwip/zynq_lwip.srcs/sources_1/bd/design_3/hdl/design_3_wrapper.v' instead.
WARNING: [Project 1-312] File not found as 'D:/work/OPENSSD/NandFlashController/OPENSSD/NandFlashController/lib/axis_async_fifo.tcl'; using path 'D:/work/OPENSSD/NandFlashController/lib/axis_async_fifo.tcl' instead.
WARNING: [Project 1-312] File not found as 'D:/work/OPENSSD/NandFlashController/prj/zynq_prj/zynq_lwip.srcs/constrs_1/new/top.xdc'; using path 'D:/work/zynq/zynq_lwip/zynq_lwip.srcs/constrs_1/new/top.xdc' instead.
WARNING: [Project 1-312] File not found as 'D:/work/OPENSSD/NandFlashController/prj/zynq_prj/zynq_lwip.srcs/constrs_1/new/new.xdc'; using path 'D:/work/zynq/zynq_lwip/zynq_lwip.srcs/constrs_1/new/new.xdc' instead.
Scanning sources...
Finished scanning sources
WARNING: [Project 1-509] GeneratedRun file for 'synth_1' not found
WARNING: [Project 1-509] GeneratedRun file for 'design_1_clk_wiz_0_0_synth_1' not found
WARNING: [Project 1-509] GeneratedRun file for 'design_1_ila_0_0_synth_1' not found
WARNING: [Project 1-509] GeneratedRun file for 'design_1_fit_timer_0_2_synth_1' not found
WARNING: [Project 1-509] GeneratedRun file for 'design_1_fit_timer_0_1_synth_1' not found
WARNING: [Project 1-509] GeneratedRun file for 'design_1_NandFlashController_0_0_synth_1' not found
WARNING: [Project 1-509] GeneratedRun file for 'impl_1' not found
INFO: [filemgmt 56-1] IP Repository Path: Directory not found as 'D:/work/OPENSSD/NandFlashController/OPENSSD/NandFlashController/ip'; using path 'D:/work/OPENSSD/NandFlashController/ip' instead.
INFO: [filemgmt 56-1] IP Repository Path: Directory not found as 'D:/work/OPENSSD/NandFlashController/prj/zlogan/hw/zlogan_capt'; using path 'D:/work/zynq/zlogan/hw/zlogan_capt' instead.
INFO: [filemgmt 56-1] IPUserFilesDir: Directory not found as 'D:/work/OPENSSD/NandFlashController/prj/zynq_prj/zynq_lwip.ip_user_files'; using path 'D:/work/zynq/zynq_lwip/zynq_lwip.ip_user_files' instead.
INFO: [IP_Flow 19-234] Refreshing IP repositories
INFO: [IP_Flow 19-1700] Loaded user IP repository 'd:/work/OPENSSD/NandFlashController/ip'.
INFO: [IP_Flow 19-1700] Loaded user IP repository 'd:/work/zynq/zlogan/hw/zlogan_capt'.
INFO: [IP_Flow 19-2313] Loaded Vivado IP repository 'D:/Xilinx/Vivado/2017.4/data/ip'.
open_project: Time (s): cpu = 00:00:10 ; elapsed = 00:00:07 . Memory (MB): peak = 849.332 ; gain = 123.695
update_compile_order -fileset sources_1
open_bd_design {D:/work/zynq/zynq_lwip/zynq_lwip.srcs/sources_1/bd/design_1/design_1.bd}
Adding cell -- xilinx.com:ip:processing_system7:5.5 - processing_system7_0
Adding cell -- xilinx.com:ip:proc_sys_reset:5.0 - rst_ps7_0_100M
Adding cell -- xilinx.com:ip:proc_sys_reset:5.0 - rst_ps7_0_100M1
Adding cell -- xilinx.com:ip:clk_wiz:5.4 - clk_wiz_0
Adding cell -- xilinx.com:ip:ila:6.2 - ila_0
INFO: [xilinx.com:ip:ila:6.2-6] /ila_0: Xilinx recommends using the System ILA IP in IP Integrator. The System ILA IP is functionally equivalent to an ILA and offers additional benefits in debugging interfaces both within IP Integrator and the Hardware Manager. Consult the Programming and Debug User Guide UG908 for further details.
Adding cell -- xilinx.com:ip:fit_timer:2.0 - fit_timer_0
Adding cell -- xilinx.com:ip:fit_timer:2.0 - fit_timer_1
Adding cell -- Opensource:user:NandFlashController:1.0 - NandFlashController_0
WARNING: [BD 41-1731] Type mismatch between connected pins: /fit_timer_0/Interrupt(intr) and /ila_0/probe1(undef)
WARNING: [BD 41-1731] Type mismatch between connected pins: /fit_timer_1/Interrupt(intr) and /ila_0/probe2(undef)
Adding cell -- xilinx.com:ip:axi_protocol_converter:2.1 - auto_pc
Adding cell -- xilinx.com:ip:axi_protocol_converter:2.1 - auto_pc
Successfully read diagram <design_1> from BD file <D:/work/zynq/zynq_lwip/zynq_lwip.srcs/sources_1/bd/design_1/design_1.bd>
open_bd_design: Time (s): cpu = 00:00:08 ; elapsed = 00:00:06 . Memory (MB): peak = 946.578 ; gain = 81.754
WARNING: [IP_Flow 19-474] Invalid Parameter 'Component_Name'
startgroup
set_property -dict [list CONFIG.PCW_GPIO_EMIO_GPIO_ENABLE {0}] [get_bd_cells processing_system7_0]
endgroup
save_bd_design
Wrote  : <D:/work/zynq/zynq_lwip/zynq_lwip.srcs/sources_1/bd/design_1/design_1.bd> 
Wrote  : <D:/work/zynq/zynq_lwip/zynq_lwip.srcs/sources_1/bd/design_1/ui/bd_1f5defd0.ui> 
reset_project
open_bd_design {D:/work/zynq/zynq_lwip/zynq_lwip.srcs/sources_1/bd/design_1/design_1.bd}
export_ip_user_files -of_objects  [get_files D:/work/zynq/zynq_lwip/zynq_lwip.srcs/constrs_1/new/new.xdc] -no_script -reset -force -quiet
remove_files  -fileset constrs_1 D:/work/zynq/zynq_lwip/zynq_lwip.srcs/constrs_1/new/new.xdc
export_ip_user_files -of_objects  [get_files D:/work/zynq/zynq_lwip/zynq_lwip.srcs/constrs_1/new/top.xdc] -no_script -reset -force -quiet
remove_files  -fileset constrs_1 D:/work/zynq/zynq_lwip/zynq_lwip.srcs/constrs_1/new/top.xdc
add_files -fileset constrs_1 -norecurse D:/work/OPENSSD/NandFlashController/prj/top.xdc
exit
INFO: [Common 17-206] Exiting Vivado at Tue Aug 11 21:10:23 2020...
