生成启动时间为 2020/8/21 1:48:18。
     1>项目“D:\work\OPENSSD\NandFlashController\pcsoftware\USBHOSTAPP\USBHOSTAPP\USBHOSTAPP.vcxproj”在节点 2 上(Build 个目标)。
     1>ClCompile:
         D:\Program Files (x86)\Microsoft Visual Studio 12.0\VC\bin\x86_amd64\CL.exe /c /Zi /nologo /W3 /WX- /sdl /Od /D WIN32 /D _WINDOWS /D _DEBUG /D _UNICODE /D UNICODE /D _AFXDLL /Gm /EHsc /RTC1 /MDd /GS /fp:precise /Zc:wchar_t /Zc:forScope /Yc"stdafx.h" /Fp"x64\Debug\USBHOSTAPP.pch" /Fo"x64\Debug\\" /Fd"x64\Debug\vc120.pdb" /Gd /TP /errorReport:prompt stdafx.cpp
         stdafx.cpp
         D:\Program Files (x86)\Microsoft Visual Studio 12.0\VC\bin\x86_amd64\CL.exe /c /Zi /nologo /W3 /WX- /sdl /Od /D WIN32 /D _WINDOWS /D _DEBUG /D _UNICODE /D UNICODE /D _AFXDLL /Gm /EHsc /RTC1 /MDd /GS /fp:precise /Zc:wchar_t /Zc:forScope /Yu"stdafx.h" /Fp"x64\Debug\USBHOSTAPP.pch" /Fo"x64\Debug\\" /Fd"x64\Debug\vc120.pdb" /Gd /TP /errorReport:prompt USBHOSTAPP.cpp USBHOSTAPPDlg.cpp
         USBHOSTAPPDlg.cpp
     1>d:\work\openssd\nandflashcontroller\pcsoftware\usbhostapp\usbhostapp\libusb.h(741): warning C4200: 使用了非标准扩展 : 结构/联合中的零大小数组
                 当 UDT 包含大小为零的数组时，无法生成复制构造函数或副本赋值运算符
     1>d:\work\openssd\nandflashcontroller\pcsoftware\usbhostapp\usbhostapp\libusb.h(766): warning C4200: 使用了非标准扩展 : 结构/联合中的零大小数组
                 当 UDT 包含大小为零的数组时，无法生成复制构造函数或副本赋值运算符
     1>d:\work\openssd\nandflashcontroller\pcsoftware\usbhostapp\usbhostapp\libusb.h(1259): warning C4200: 使用了非标准扩展 : 结构/联合中的零大小数组
                 当 UDT 包含大小为零的数组时，无法生成复制构造函数或副本赋值运算符
     1>USBHOSTAPPDlg.cpp(214): warning C4101: “save_bytes”: 未引用的局部变量
         USBHOSTAPP.cpp
     1>d:\work\openssd\nandflashcontroller\pcsoftware\usbhostapp\usbhostapp\libusb.h(741): warning C4200: 使用了非标准扩展 : 结构/联合中的零大小数组
                 当 UDT 包含大小为零的数组时，无法生成复制构造函数或副本赋值运算符
     1>d:\work\openssd\nandflashcontroller\pcsoftware\usbhostapp\usbhostapp\libusb.h(766): warning C4200: 使用了非标准扩展 : 结构/联合中的零大小数组
                 当 UDT 包含大小为零的数组时，无法生成复制构造函数或副本赋值运算符
     1>d:\work\openssd\nandflashcontroller\pcsoftware\usbhostapp\usbhostapp\libusb.h(1259): warning C4200: 使用了非标准扩展 : 结构/联合中的零大小数组
                 当 UDT 包含大小为零的数组时，无法生成复制构造函数或副本赋值运算符
         正在生成代码...
       ResourceCompile:
         C:\Program Files (x86)\Windows Kits\8.1\bin\x86\rc.exe /D _DEBUG /D _UNICODE /D UNICODE /D _AFXDLL /l"0x0804" /Ix64\Debug\ /nologo /fo"x64\Debug\USBHOSTAPP.res" USBHOSTAPP.rc 
       Link:
         D:\Program Files (x86)\Microsoft Visual Studio 12.0\VC\bin\x86_amd64\link.exe /ERRORREPORT:PROMPT /OUT:"D:\work\OPENSSD\NandFlashController\pcsoftware\USBHOSTAPP\x64\Debug\USBHOSTAPP.exe" /INCREMENTAL /NOLOGO "libusb-1.0.lib" /MANIFEST /MANIFESTUAC:"level='asInvoker' uiAccess='false'" /manifest:embed /manifestinput:"D:\Program Files (x86)\Microsoft Visual Studio 12.0\VC\Include\Manifest\dpiaware.manifest" /DEBUG /PDB:"D:\work\OPENSSD\NandFlashController\pcsoftware\USBHOSTAPP\x64\Debug\USBHOSTAPP.pdb" /SUBSYSTEM:WINDOWS /TLBID:1 /ENTRY:"wWinMainCRTStartup" /DYNAMICBASE /NXCOMPAT /IMPLIB:"D:\work\OPENSSD\NandFlashController\pcsoftware\USBHOSTAPP\x64\Debug\USBHOSTAPP.lib" /MACHINE:X64 x64\Debug\USBHOSTAPP.res
         x64\Debug\stdafx.obj
         x64\Debug\USBHOSTAPP.obj
         x64\Debug\USBHOSTAPPDlg.obj
         USBHOSTAPP.vcxproj -> D:\work\OPENSSD\NandFlashController\pcsoftware\USBHOSTAPP\x64\Debug\USBHOSTAPP.exe
     1>已完成生成项目“D:\work\OPENSSD\NandFlashController\pcsoftware\USBHOSTAPP\USBHOSTAPP\USBHOSTAPP.vcxproj”(Build 个目标)的操作。

生成成功。

已用时间 00:00:02.07
